# JRE version: Java(TM) SE Runtime Environment (8.0_181-b13) (build 1.8.0_181-b13)
# Java VM: Java HotSpot(TM) 64-Bit Server VM (25.181-b13 mixed mode bsd-amd64 compressed oops)
Heap:
 PSYoungGen      total 593408K, used 32178K [0x0000000795580000, 0x00000007bf180000, 0x00000007c0000000)
  eden space 584192K, 3% used [0x0000000795580000,0x0000000796c37970,0x00000007b9000000)
  from space 9216K, 96% used [0x00000007be880000,0x00000007bf1350e8,0x00000007bf180000)
  to   space 13312K, 0% used [0x00000007bd780000,0x00000007bd780000,0x00000007be480000)
 ParOldGen       total 199168K, used 88640K [0x0000000740000000, 0x000000074c280000, 0x0000000795580000)
  object space 199168K, 44% used [0x0000000740000000,0x00000007456903e8,0x000000074c280000)
 Metaspace       used 97041K, capacity 105612K, committed 105816K, reserved 1140736K
  class space    used 11929K, capacity 13632K, committed 13696K, reserved 1048576K
GC Heap History (10 events):
Event: 9510.534 GC heap before
{Heap before GC invocations=54 (full 24):
 PSYoungGen      total 683008K, used 676596K [0x0000000795580000, 0x00000007bff80000, 0x00000007c0000000)
  eden space 667136K, 100% used [0x0000000795580000,0x00000007be100000,0x00000007be100000)
  from space 15872K, 59% used [0x00000007be100000,0x00000007bea3d088,0x00000007bf080000)
  to   space 15360K, 0% used [0x00000007bf080000,0x00000007bf080000,0x00000007bff80000)
 ParOldGen       total 199168K, used 88632K [0x0000000740000000, 0x000000074c280000, 0x0000000795580000)
  object space 199168K, 44% used [0x0000000740000000,0x000000074568e3e8,0x000000074c280000)
 Metaspace       used 97001K, capacity 105548K, committed 105816K, reserved 1140736K
  class space    used 11929K, capacity 13632K, committed 13696K, reserved 1048576K
Event: 9510.622 GC heap after
Heap after GC invocations=54 (full 24):
 PSYoungGen      total 681984K, used 9012K [0x0000000795580000, 0x00000007bfe80000, 0x00000007c0000000)
  eden space 667648K, 0% used [0x0000000795580000,0x0000000795580000,0x00000007be180000)
  from space 14336K, 62% used [0x00000007bf080000,0x00000007bf94d128,0x00000007bfe80000)
  to   space 14848K, 0% used [0x00000007be180000,0x00000007be180000,0x00000007bf000000)
 ParOldGen       total 199168K, used 88632K [0x0000000740000000, 0x000000074c280000, 0x0000000795580000)
  object space 199168K, 44% used [0x0000000740000000,0x000000074568e3e8,0x000000074c280000)
 Metaspace       used 97001K, capacity 105548K, committed 105816K, reserved 1140736K
  class space    used 11929K, capacity 13632K, committed 13696K, reserved 1048576K
}
Event: 11872.384 GC heap before
{Heap before GC invocations=55 (full 24):
 PSYoungGen      total 681984K, used 676660K [0x0000000795580000, 0x00000007bfe80000, 0x00000007c0000000)
  eden space 667648K, 100% used [0x0000000795580000,0x00000007be180000,0x00000007be180000)
  from space 14336K, 62% used [0x00000007bf080000,0x00000007bf94d128,0x00000007bfe80000)
  to   space 14848K, 0% used [0x00000007be180000,0x00000007be180000,0x00000007bf000000)
 ParOldGen       total 199168K, used 88632K [0x0000000740000000, 0x000000074c280000, 0x0000000795580000)
  object space 199168K, 44% used [0x0000000740000000,0x000000074568e3e8,0x000000074c280000)
 Metaspace       used 97016K, capacity 105548K, committed 105816K, reserved 1140736K
  class space    used 11929K, capacity 13632K, committed 13696K, reserved 1048576K
Event: 11872.402 GC heap after
Heap after GC invocations=55 (full 24):
 PSYoungGen      total 682496K, used 8672K [0x0000000795580000, 0x00000007bff80000, 0x00000007c0000000)
  eden space 667648K, 0% used [0x0000000795580000,0x0000000795580000,0x00000007be180000)
  from space 14848K, 58% used [0x00000007be180000,0x00000007be9f81c0,0x00000007bf000000)
  to   space 14336K, 0% used [0x00000007bf180000,0x00000007bf180000,0x00000007bff80000)
 ParOldGen       total 199168K, used 88640K [0x0000000740000000, 0x000000074c280000, 0x0000000795580000)
  object space 199168K, 44% used [0x0000000740000000,0x00000007456903e8,0x000000074c280000)
 Metaspace       used 97016K, capacity 105548K, committed 105816K, reserved 1140736K
  class space    used 11929K, capacity 13632K, committed 13696K, reserved 1048576K
}
Event: 14213.620 GC heap before
{Heap before GC invocations=56 (full 24):
 PSYoungGen      total 682496K, used 676320K [0x0000000795580000, 0x00000007bff80000, 0x00000007c0000000)
  eden space 667648K, 100% used [0x0000000795580000,0x00000007be180000,0x00000007be180000)
  from space 14848K, 58% used [0x00000007be180000,0x00000007be9f81c0,0x00000007bf000000)
  to   space 14336K, 0% used [0x00000007bf180000,0x00000007bf180000,0x00000007bff80000)
 ParOldGen       total 199168K, used 88640K [0x0000000740000000, 0x000000074c280000, 0x0000000795580000)
  object space 199168K, 44% used [0x0000000740000000,0x00000007456903e8,0x000000074c280000)
 Metaspace       used 97029K, capacity 105612K, committed 105816K, reserved 1140736K
  class space    used 11929K, capacity 13632K, committed 13696K, reserved 1048576K
Event: 14213.715 GC heap after
Heap after GC invocations=56 (full 24):
 PSYoungGen      total 647680K, used 8704K [0x0000000795580000, 0x00000007bfa80000, 0x00000007c0000000)
  eden space 638464K, 0% used [0x0000000795580000,0x0000000795580000,0x00000007bc500000)
  from space 9216K, 94% used [0x00000007bf180000,0x00000007bfa001a0,0x00000007bfa80000)
  to   space 13824K, 0% used [0x00000007bdf80000,0x00000007bdf80000,0x00000007bed00000)
 ParOldGen       total 199168K, used 88640K [0x0000000740000000, 0x000000074c280000, 0x0000000795580000)
  object space 199168K, 44% used [0x0000000740000000,0x00000007456903e8,0x000000074c280000)
 Metaspace       used 97029K, capacity 105612K, committed 105816K, reserved 1140736K
  class space    used 11929K, capacity 13632K, committed 13696K, reserved 1048576K
}
Event: 16405.199 GC heap before
{Heap before GC invocations=57 (full 24):
 PSYoungGen      total 647680K, used 647168K [0x0000000795580000, 0x00000007bfa80000, 0x00000007c0000000)
  eden space 638464K, 100% used [0x0000000795580000,0x00000007bc500000,0x00000007bc500000)
  from space 9216K, 94% used [0x00000007bf180000,0x00000007bfa001a0,0x00000007bfa80000)
  to   space 13824K, 0% used [0x00000007bdf80000,0x00000007bdf80000,0x00000007bed00000)
 ParOldGen       total 199168K, used 88640K [0x0000000740000000, 0x000000074c280000, 0x0000000795580000)
  object space 199168K, 44% used [0x0000000740000000,0x00000007456903e8,0x000000074c280000)
 Metaspace       used 97037K, capacity 105612K, committed 105816K, reserved 1140736K
  class space    used 11929K, capacity 13632K, committed 13696K, reserved 1048576K
Event: 16405.273 GC heap after
Heap after GC invocations=57 (full 24):
 PSYoungGen      total 620032K, used 8740K [0x0000000795580000, 0x00000007bf200000, 0x00000007c0000000)
  eden space 610816K, 0% used [0x0000000795580000,0x0000000795580000,0x00000007baa00000)
  from space 9216K, 94% used [0x00000007bdf80000,0x00000007be8090b8,0x00000007be880000)
  to   space 9728K, 0% used [0x00000007be880000,0x00000007be880000,0x00000007bf200000)
 ParOldGen       total 199168K, used 88640K [0x0000000740000000, 0x000000074c280000, 0x0000000795580000)
  object space 199168K, 44% used [0x0000000740000000,0x00000007456903e8,0x000000074c280000)
 Metaspace       used 97037K, capacity 105612K, committed 105816K, reserved 1140736K
  class space    used 11929K, capacity 13632K, committed 13696K, reserved 1048576K
}
Event: 18502.853 GC heap before
{Heap before GC invocations=58 (full 24):
 PSYoungGen      total 620032K, used 619556K [0x0000000795580000, 0x00000007bf200000, 0x00000007c0000000)
  eden space 610816K, 100% used [0x0000000795580000,0x00000007baa00000,0x00000007baa00000)
  from space 9216K, 94% used [0x00000007bdf80000,0x00000007be8090b8,0x00000007be880000)
  to   space 9728K, 0% used [0x00000007be880000,0x00000007be880000,0x00000007bf200000)
 ParOldGen       total 199168K, used 88640K [0x0000000740000000, 0x000000074c280000, 0x0000000795580000)
  object space 199168K, 44% used [0x0000000740000000,0x00000007456903e8,0x000000074c280000)
 Metaspace       used 97040K, capacity 105612K, committed 105816K, reserved 1140736K
  class space    used 11929K, capacity 13632K, committed 13696K, reserved 1048576K
Event: 18502.924 GC heap after
Heap after GC invocations=58 (full 24):
 PSYoungGen      total 593408K, used 8916K [0x0000000795580000, 0x00000007bf180000, 0x00000007c0000000)
  eden space 584192K, 0% used [0x0000000795580000,0x0000000795580000,0x00000007b9000000)
  from space 9216K, 96% used [0x00000007be880000,0x00000007bf1350e8,0x00000007bf180000)
  to   space 13312K, 0% used [0x00000007bd780000,0x00000007bd780000,0x00000007be480000)
 ParOldGen       total 199168K, used 88640K [0x0000000740000000, 0x000000074c280000, 0x0000000795580000)
  object space 199168K, 44% used [0x0000000740000000,0x00000007456903e8,0x000000074c280000)
 Metaspace       used 97040K, capacity 105612K, committed 105816K, reserved 1140736K
  class space    used 11929K, capacity 13632K, committed 13696K, reserved 1048576K
}

