# JRE version: Java(TM) SE Runtime Environment (8.0_181-b13) (build 1.8.0_181-b13)
# Java VM: Java HotSpot(TM) 64-Bit Server VM (25.181-b13 mixed mode bsd-amd64 compressed oops)
Heap:
 PSYoungGen      total 416768K, used 5913K [0x0000000795580000, 0x00000007af380000, 0x00000007c0000000)
  eden space 409600K, 0% used [0x0000000795580000,0x0000000795580000,0x00000007ae580000)
  from space 7168K, 82% used [0x00000007aec80000,0x00000007af246680,0x00000007af380000)
  to   space 7168K, 0% used [0x00000007ae580000,0x00000007ae580000,0x00000007aec80000)
 ParOldGen       total 111104K, used 78413K [0x0000000740000000, 0x0000000746c80000, 0x0000000795580000)
  object space 111104K, 70% used [0x0000000740000000,0x0000000744c93730,0x0000000746c80000)
 Metaspace       used 71922K, capacity 79734K, committed 79832K, reserved 1118208K
  class space    used 9201K, capacity 10927K, committed 11008K, reserved 1048576K
GC Heap History (10 events):
Event: 5039.193 GC heap after
Heap after GC invocations=91 (full 41):
 PSYoungGen      total 416256K, used 5847K [0x0000000795580000, 0x00000007af380000, 0x00000007c0000000)
  eden space 409600K, 0% used [0x0000000795580000,0x0000000795580000,0x00000007ae580000)
  from space 6656K, 87% used [0x00000007aed00000,0x00000007af2b5d10,0x00000007af380000)
  to   space 7168K, 0% used [0x00000007ae580000,0x00000007ae580000,0x00000007aec80000)
 ParOldGen       total 111104K, used 72421K [0x0000000740000000, 0x0000000746c80000, 0x0000000795580000)
  object space 111104K, 65% used [0x0000000740000000,0x00000007446b9698,0x0000000746c80000)
 Metaspace       used 71657K, capacity 79376K, committed 79576K, reserved 1118208K
  class space    used 9179K, capacity 10908K, committed 11008K, reserved 1048576K
}
Event: 5039.193 GC heap before
{Heap before GC invocations=92 (full 42):
 PSYoungGen      total 416256K, used 5847K [0x0000000795580000, 0x00000007af380000, 0x00000007c0000000)
  eden space 409600K, 0% used [0x0000000795580000,0x0000000795580000,0x00000007ae580000)
  from space 6656K, 87% used [0x00000007aed00000,0x00000007af2b5d10,0x00000007af380000)
  to   space 7168K, 0% used [0x00000007ae580000,0x00000007ae580000,0x00000007aec80000)
 ParOldGen       total 111104K, used 72421K [0x0000000740000000, 0x0000000746c80000, 0x0000000795580000)
  object space 111104K, 65% used [0x0000000740000000,0x00000007446b9698,0x0000000746c80000)
 Metaspace       used 71657K, capacity 79376K, committed 79576K, reserved 1118208K
  class space    used 9179K, capacity 10908K, committed 11008K, reserved 1048576K
Event: 5039.672 GC heap after
Heap after GC invocations=92 (full 42):
 PSYoungGen      total 416256K, used 0K [0x0000000795580000, 0x00000007af380000, 0x00000007c0000000)
  eden space 409600K, 0% used [0x0000000795580000,0x0000000795580000,0x00000007ae580000)
  from space 6656K, 0% used [0x00000007aed00000,0x00000007aed00000,0x00000007af380000)
  to   space 7168K, 0% used [0x00000007ae580000,0x00000007ae580000,0x00000007aec80000)
 ParOldGen       total 111104K, used 75497K [0x0000000740000000, 0x0000000746c80000, 0x0000000795580000)
  object space 111104K, 67% used [0x0000000740000000,0x00000007449ba788,0x0000000746c80000)
 Metaspace       used 71360K, capacity 78996K, committed 79576K, reserved 1118208K
  class space    used 9154K, capacity 10826K, committed 11008K, reserved 1048576K
}
Event: 5158.081 GC heap before
{Heap before GC invocations=93 (full 42):
 PSYoungGen      total 416256K, used 200452K [0x0000000795580000, 0x00000007af380000, 0x00000007c0000000)
  eden space 409600K, 48% used [0x0000000795580000,0x00000007a1941180,0x00000007ae580000)
  from space 6656K, 0% used [0x00000007aed00000,0x00000007aed00000,0x00000007af380000)
  to   space 7168K, 0% used [0x00000007ae580000,0x00000007ae580000,0x00000007aec80000)
 ParOldGen       total 111104K, used 75497K [0x0000000740000000, 0x0000000746c80000, 0x0000000795580000)
  object space 111104K, 67% used [0x0000000740000000,0x00000007449ba788,0x0000000746c80000)
 Metaspace       used 71648K, capacity 79368K, committed 79576K, reserved 1118208K
  class space    used 9178K, capacity 10877K, committed 11008K, reserved 1048576K
Event: 5158.092 GC heap after
Heap after GC invocations=93 (full 42):
 PSYoungGen      total 416768K, used 5824K [0x0000000795580000, 0x00000007af380000, 0x00000007c0000000)
  eden space 409600K, 0% used [0x0000000795580000,0x0000000795580000,0x00000007ae580000)
  from space 7168K, 81% used [0x00000007ae580000,0x00000007aeb301e8,0x00000007aec80000)
  to   space 7168K, 0% used [0x00000007aec80000,0x00000007aec80000,0x00000007af380000)
 ParOldGen       total 111104K, used 75505K [0x0000000740000000, 0x0000000746c80000, 0x0000000795580000)
  object space 111104K, 67% used [0x0000000740000000,0x00000007449bc788,0x0000000746c80000)
 Metaspace       used 71648K, capacity 79368K, committed 79576K, reserved 1118208K
  class space    used 9178K, capacity 10877K, committed 11008K, reserved 1048576K
}
Event: 5158.092 GC heap before
{Heap before GC invocations=94 (full 43):
 PSYoungGen      total 416768K, used 5824K [0x0000000795580000, 0x00000007af380000, 0x00000007c0000000)
  eden space 409600K, 0% used [0x0000000795580000,0x0000000795580000,0x00000007ae580000)
  from space 7168K, 81% used [0x00000007ae580000,0x00000007aeb301e8,0x00000007aec80000)
  to   space 7168K, 0% used [0x00000007aec80000,0x00000007aec80000,0x00000007af380000)
 ParOldGen       total 111104K, used 75505K [0x0000000740000000, 0x0000000746c80000, 0x0000000795580000)
  object space 111104K, 67% used [0x0000000740000000,0x00000007449bc788,0x0000000746c80000)
 Metaspace       used 71648K, capacity 79368K, committed 79576K, reserved 1118208K
  class space    used 9178K, capacity 10877K, committed 11008K, reserved 1048576K
Event: 5158.591 GC heap after
Heap after GC invocations=94 (full 43):
 PSYoungGen      total 416768K, used 0K [0x0000000795580000, 0x00000007af380000, 0x00000007c0000000)
  eden space 409600K, 0% used [0x0000000795580000,0x0000000795580000,0x00000007ae580000)
  from space 7168K, 0% used [0x00000007ae580000,0x00000007ae580000,0x00000007aec80000)
  to   space 7168K, 0% used [0x00000007aec80000,0x00000007aec80000,0x00000007af380000)
 ParOldGen       total 111104K, used 78405K [0x0000000740000000, 0x0000000746c80000, 0x0000000795580000)
  object space 111104K, 70% used [0x0000000740000000,0x0000000744c91730,0x0000000746c80000)
 Metaspace       used 71640K, capacity 79356K, committed 79576K, reserved 1118208K
  class space    used 9176K, capacity 10875K, committed 11008K, reserved 1048576K
}
Event: 5330.289 GC heap before
{Heap before GC invocations=95 (full 43):
 PSYoungGen      total 416768K, used 207369K [0x0000000795580000, 0x00000007af380000, 0x00000007c0000000)
  eden space 409600K, 50% used [0x0000000795580000,0x00000007a2002590,0x00000007ae580000)
  from space 7168K, 0% used [0x00000007ae580000,0x00000007ae580000,0x00000007aec80000)
  to   space 7168K, 0% used [0x00000007aec80000,0x00000007aec80000,0x00000007af380000)
 ParOldGen       total 111104K, used 78405K [0x0000000740000000, 0x0000000746c80000, 0x0000000795580000)
  object space 111104K, 70% used [0x0000000740000000,0x0000000744c91730,0x0000000746c80000)
 Metaspace       used 71922K, capacity 79734K, committed 79832K, reserved 1118208K
  class space    used 9201K, capacity 10927K, committed 11008K, reserved 1048576K
Event: 5330.301 GC heap after
Heap after GC invocations=95 (full 43):
 PSYoungGen      total 416768K, used 5913K [0x0000000795580000, 0x00000007af380000, 0x00000007c0000000)
  eden space 409600K, 0% used [0x0000000795580000,0x0000000795580000,0x00000007ae580000)
  from space 7168K, 82% used [0x00000007aec80000,0x00000007af246680,0x00000007af380000)
  to   space 7168K, 0% used [0x00000007ae580000,0x00000007ae580000,0x00000007aec80000)
 ParOldGen       total 111104K, used 78413K [0x0000000740000000, 0x0000000746c80000, 0x0000000795580000)
  object space 111104K, 70% used [0x0000000740000000,0x0000000744c93730,0x0000000746c80000)
 Metaspace       used 71922K, capacity 79734K, committed 79832K, reserved 1118208K
  class space    used 9201K, capacity 10927K, committed 11008K, reserved 1048576K
}
Event: 5330.301 GC heap before
{Heap before GC invocations=96 (full 44):
 PSYoungGen      total 416768K, used 5913K [0x0000000795580000, 0x00000007af380000, 0x00000007c0000000)
  eden space 409600K, 0% used [0x0000000795580000,0x0000000795580000,0x00000007ae580000)
  from space 7168K, 82% used [0x00000007aec80000,0x00000007af246680,0x00000007af380000)
  to   space 7168K, 0% used [0x00000007ae580000,0x00000007ae580000,0x00000007aec80000)
 ParOldGen       total 111104K, used 78413K [0x0000000740000000, 0x0000000746c80000, 0x0000000795580000)
  object space 111104K, 70% used [0x0000000740000000,0x0000000744c93730,0x0000000746c80000)
 Metaspace       used 71922K, capacity 79734K, committed 79832K, reserved 1118208K
  class space    used 9201K, capacity 10927K, committed 11008K, reserved 1048576K

